mode: set
github.com\bemasher\rtlamr\decode\dft\dft11.go:3.38,88.2 84 1
github.com\bemasher\rtlamr\decode\dft\dft12.go:3.38,124.2 120 1
github.com\bemasher\rtlamr\decode\dft\dft15.go:3.38,190.2 186 1
github.com\bemasher\rtlamr\decode\dft\dft16.go:3.38,180.2 176 1
github.com\bemasher\rtlamr\decode\dft\dft6.go:3.37,52.2 48 1
github.com\bemasher\rtlamr\decode\dft\dft7.go:3.37,56.2 52 1
github.com\bemasher\rtlamr\decode\dft\dft8.go:3.37,72.2 68 1
github.com\bemasher\rtlamr\decode\dft\dft9.go:3.37,102.2 98 1
github.com\bemasher\rtlamr\decode\dft\dft10.go:3.38,108.2 104 1
github.com\bemasher\rtlamr\decode\dft\dft13.go:3.38,206.2 202 1
github.com\bemasher\rtlamr\decode\dft\dft14.go:3.38,136.2 132 1
github.com\bemasher\rtlamr\decode\dft\dft5.go:3.37,46.2 42 1
